<?xml version="1.0" encoding="UTF-8"?>
<!-- Generated by org.testng.reporters.JUnitReportReporter -->
<testsuite hostname="DESKTOP-GJNDS4M" failures="0" tests="1" name="edu.JulyLearning.MultipleElementsHandling" time="31.848" errors="0" timestamp="2022-07-19T09:38:07 IST" skipped="0">
  <testcase classname="edu.JulyLearning.MultipleElementsHandling" name="actionClass" time="31.848"/>
  <system-out/>
</testsuite> <!-- edu.JulyLearning.MultipleElementsHandling -->
