<?xml version="1.0" encoding="UTF-8"?>
<!-- Generated by org.testng.reporters.JUnitReportReporter -->
<testsuite hostname="DESKTOP-GJNDS4M" failures="0" tests="2" name="edu.JulyLearning.DemoOnTestNg" time="0.009" errors="0" timestamp="2022-07-18T09:28:02 IST" skipped="0">
  <testcase classname="edu.JulyLearning.DemoOnTestNg" name="testcase2" time="0.002"/>
  <system-out/>
  <testcase classname="edu.JulyLearning.DemoOnTestNg" name="testcase1" time="0.007"/>
  <system-out/>
</testsuite> <!-- edu.JulyLearning.DemoOnTestNg -->
