<?xml version="1.0" encoding="UTF-8"?>
<!-- Generated by org.testng.reporters.JUnitReportReporter -->
<testsuite hostname="DESKTOP-GJNDS4M" failures="0" tests="1" name="edu.JulyLearning.OnWebTables" time="14.526" errors="0" timestamp="2022-07-27T08:43:02 IST" skipped="0">
  <testcase classname="edu.JulyLearning.OnWebTables" name="WebTablesWorking" time="14.526"/>
  <system-out/>
</testsuite> <!-- edu.JulyLearning.OnWebTables -->
