<?xml version="1.0" encoding="UTF-8"?>
<!-- Generated by org.testng.reporters.JUnitReportReporter -->
<testsuite hostname="DESKTOP-GJNDS4M" failures="0" tests="1" name="edu.JulyLearning.TestNgImplementation" time="6.375" errors="0" timestamp="2022-07-18T09:40:34 IST" skipped="0">
  <testcase classname="edu.JulyLearning.TestNgImplementation" name="workingonElmeents" time="6.375"/>
  <system-out/>
</testsuite> <!-- edu.JulyLearning.TestNgImplementation -->
