<?xml version="1.0" encoding="UTF-8"?>
<!-- Generated by org.testng.reporters.JUnitReportReporter -->
<testsuite hostname="DESKTOP-GJNDS4M" failures="0" tests="1" name="edu.JulyLearning.extentReportDemo" time="8.987" errors="0" timestamp="2022-07-27T09:26:14 IST" skipped="0">
  <testcase classname="edu.JulyLearning.extentReportDemo" name="WebTablesWorking" time="8.987"/>
  <system-out/>
</testsuite> <!-- edu.JulyLearning.extentReportDemo -->
