<?xml version="1.0" encoding="UTF-8"?>
<!-- Generated by org.testng.reporters.JUnitReportReporter -->
<testsuite hostname="DESKTOP-GJNDS4M" failures="0" tests="1" name="edu.JulyLearning.ParameterizationTestcase" time="15.099" errors="0" timestamp="2022-07-26T09:06:23 IST" skipped="0">
  <testcase classname="edu.JulyLearning.ParameterizationTestcase" name="login" time="15.099"/>
  <system-out/>
</testsuite> <!-- edu.JulyLearning.ParameterizationTestcase -->
