<?xml version="1.0" encoding="UTF-8"?>
<!-- Generated by org.testng.reporters.JUnitReportReporter -->
<testsuite hostname="DESKTOP-GJNDS4M" failures="0" tests="1" name="edu.JulyLearning.windowHandling" time="8.131" errors="0" timestamp="2022-07-19T10:21:54 IST" skipped="0">
  <testcase classname="edu.JulyLearning.windowHandling" name="Handlewindow" time="8.131"/>
  <system-out/>
</testsuite> <!-- edu.JulyLearning.windowHandling -->
