<?xml version="1.0" encoding="UTF-8"?>
<!-- Generated by org.testng.reporters.JUnitReportReporter -->
<testsuite hostname="DESKTOP-GJNDS4M" failures="0" tests="1" name="edu.JulyLearning.JavaScriptExecutorDemo" time="16.045" errors="0" timestamp="2022-07-26T09:46:51 IST" skipped="0">
  <testcase classname="edu.JulyLearning.JavaScriptExecutorDemo" name="scrollview" time="16.045"/>
  <system-out/>
</testsuite> <!-- edu.JulyLearning.JavaScriptExecutorDemo -->
